#
# There is insufficient memory for the Java Runtime Environment to continue.
# Native memory allocation (malloc) failed to allocate 1629952 bytes for Chunk::new
# Possible reasons:
#   The system is out of physical RAM or swap space
#   In 32 bit mode, the process size limit was hit
# Possible solutions:
#   Reduce memory load on the system
#   Increase physical memory or swap space
#   Check if swap backing store is full
#   Use 64 bit Java on a 64 bit OS
#   Decrease Java heap size (-Xmx/-Xms)
#   Decrease number of Java threads
#   Decrease Java thread stack sizes (-Xss)
#   Set larger code cache with -XX:ReservedCodeCacheSize=
# This output file may be truncated or incomplete.
#
#  Out of Memory Error (allocation.cpp:390), pid=37124, tid=0x00000000000050bc
#
# JRE version: Java(TM) SE Runtime Environment (8.0_162-b12) (build 1.8.0_162-b12)
# Java VM: Java HotSpot(TM) 64-Bit Server VM (25.162-b12 mixed mode windows-amd64 compressed oops)
# Failed to write core dump. Minidumps are not enabled by default on client versions of Windows
#

---------------  T H R E A D  ---------------

Current thread (0x0000000020371000):  JavaThread "C2 CompilerThread2" daemon [_thread_in_native, id=20668, stack(0x0000000020cc0000,0x0000000020dc0000)]

Stack: [0x0000000020cc0000,0x0000000020dc0000]
[error occurred during error reporting (printing stack bounds), id 0xc0000005]

Native frames: (J=compiled Java code, j=interpreted, Vv=VM code, C=native code)


Current CompileTask:
C2:   4563 2391   !   4       java.net.URLClassLoader$1::run (63 bytes)


---------------  P R O C E S S  ---------------

Java Threads: ( => current thread )
  0x00000000237b4000 JavaThread "IOManager reader thread #1" daemon [_thread_blocked, id=32968, stack(0x00000000262b0000,0x00000000263b0000)]
  0x00000000237b2000 JavaThread "IOManager writer thread #1" daemon [_thread_blocked, id=36540, stack(0x00000000261b0000,0x00000000262b0000)]
  0x00000000237b3800 JavaThread "Timer-2" daemon [_thread_blocked, id=4072, stack(0x00000000260b0000,0x00000000261b0000)]
  0x00000000237b2800 JavaThread "Timer-1" daemon [_thread_blocked, id=28060, stack(0x0000000025fb0000,0x00000000260b0000)]
  0x00000000237b0800 JavaThread "BLOB Server listener at 61157" daemon [_thread_in_native, id=33448, stack(0x0000000025c30000,0x0000000025d30000)]
  0x0000000023b81000 JavaThread "Timer-0" daemon [_thread_blocked, id=2668, stack(0x0000000025b30000,0x0000000025c30000)]
  0x000000002365c800 JavaThread "ForkJoinPool.commonPool-worker-1" daemon [_thread_blocked, id=4284, stack(0x0000000025830000,0x0000000025930000)]
  0x00000000237be000 JavaThread "flink-metrics-akka.actor.supervisor-dispatcher-3" [_thread_blocked, id=28600, stack(0x0000000025730000,0x0000000025830000)]
  0x0000000023731800 JavaThread "flink-metrics-2" [_thread_blocked, id=35632, stack(0x0000000025630000,0x0000000025730000)]
  0x00000000237ad800 JavaThread "flink-metrics-scheduler-1" [_thread_blocked, id=36844, stack(0x0000000025530000,0x0000000025630000)]
  0x0000000023cb4000 JavaThread "flink-akka.actor.supervisor-dispatcher-4" [_thread_blocked, id=16852, stack(0x0000000025130000,0x0000000025230000)]
  0x000000002332e800 JavaThread "flink-akka.actor.default-dispatcher-3" [_thread_blocked, id=33312, stack(0x0000000024e30000,0x0000000024f30000)]
  0x00000000234b8800 JavaThread "flink-akka.actor.default-dispatcher-2" [_thread_blocked, id=16916, stack(0x0000000024d30000,0x0000000024e30000)]
  0x0000000023490000 JavaThread "flink-scheduler-1" [_thread_in_Java, id=35304, stack(0x0000000024a30000,0x0000000024b30000)]
  0x0000000020408000 JavaThread "Service Thread" daemon [_thread_blocked, id=30592, stack(0x0000000020ec0000,0x0000000020fc0000)]
  0x000000002037b800 JavaThread "C1 CompilerThread3" daemon [_thread_blocked, id=17380, stack(0x0000000020dc0000,0x0000000020ec0000)]
=>0x0000000020371000 JavaThread "C2 CompilerThread2" daemon [_thread_in_native, id=20668, stack(0x0000000020cc0000,0x0000000020dc0000)]
  0x000000002036c000 JavaThread "C2 CompilerThread1" daemon [_thread_blocked, id=37200, stack(0x0000000020bc0000,0x0000000020cc0000)]
  0x0000000020357000 JavaThread "C2 CompilerThread0" daemon [_thread_blocked, id=34348, stack(0x0000000020ac0000,0x0000000020bc0000)]
  0x0000000020356000 JavaThread "Monitor Ctrl-Break" daemon [_thread_in_native, id=3264, stack(0x00000000209c0000,0x0000000020ac0000)]
  0x000000001f92d800 JavaThread "Attach Listener" daemon [_thread_blocked, id=5340, stack(0x000000001ff50000,0x0000000020050000)]
  0x000000001f988800 JavaThread "Signal Dispatcher" daemon [_thread_blocked, id=31640, stack(0x000000001fe50000,0x000000001ff50000)]
  0x0000000003fed800 JavaThread "Finalizer" daemon [_thread_blocked, id=15872, stack(0x000000001fcf0000,0x000000001fdf0000)]
  0x000000001da2d000 JavaThread "Reference Handler" daemon [_thread_blocked, id=34996, stack(0x000000001f7f0000,0x000000001f8f0000)]
  0x0000000003ef7000 JavaThread "main" [_thread_in_native, id=5024, stack(0x0000000003c70000,0x0000000003d70000)]

Other Threads:
  0x000000001da29000 VMThread [stack: 0x000000001f6f0000,0x000000001f7f0000] [id=32296]
  0x00000000203bf000 WatcherThread [stack: 0x0000000020fc0000,0x00000000210c0000] [id=35928]

VM state:not at safepoint (normal execution)

VM Mutex/Monitor currently owned by a thread: None

Heap:
 PSYoungGen      total 100864K, used 3692K [0x000000076b580000, 0x0000000775400000, 0x00000007c0000000)
  eden space 90112K, 4% used [0x000000076b580000,0x000000076b91b298,0x0000000770d80000)
  from space 10752K, 0% used [0x0000000770d80000,0x0000000770d80000,0x0000000771800000)
  to   space 14336K, 0% used [0x0000000774600000,0x0000000774600000,0x0000000775400000)
 ParOldGen       total 117248K, used 18306K [0x00000006c2000000, 0x00000006c9280000, 0x000000076b580000)
  object space 117248K, 15% used [0x00000006c2000000,0x00000006c31e0a28,0x00000006c9280000)
 Metaspace       used 34206K, capacity 35940K, committed 36096K, reserved 1081344K
  class space    used 4783K, capacity 5053K, committed 5120K, reserved 1048576K

Card table byte_map: [0x00000000133b0000,0x0000000013bb0000] byte_map_base: 0x000000000fda0000

Marking Bits: (ParMarkBitMap*) 0x000000006d070860
 Begin Bits: [0x0000000014900000, 0x0000000018880000)
 End Bits:   [0x0000000018880000, 0x000000001c800000)

Polling page: 0x0000000003780000

CodeCache: size=245760Kb used=7914Kb max_used=7961Kb free=237845Kb
 bounds [0x0000000003ff0000, 0x00000000047d0000, 0x0000000012ff0000]
 total_blobs=2890 nmethods=2391 adapters=410
 compilation: enabled

Compilation events (10 events):
Event: 3.952 Thread 0x000000002037b800 2388       1       java.nio.channels.spi.AbstractInterruptibleChannel::isOpen (5 bytes)
Event: 3.952 Thread 0x000000002037b800 nmethod 2388 0x0000000004776950 code [0x0000000004776aa0, 0x0000000004776bb0]
Event: 3.953 Thread 0x000000002037b800 2389       3       java.nio.Buffer::remaining (10 bytes)
Event: 3.953 Thread 0x000000002037b800 nmethod 2389 0x0000000004776650 code [0x00000000047767a0, 0x00000000047768f0]
Event: 3.954 Thread 0x000000002037b800 2390       3       java.nio.ByteBuffer::equals (11 bytes)
Event: 3.954 Thread 0x000000002037b800 nmethod 2390 0x0000000004776310 code [0x0000000004776460, 0x00000000047765f0]
Event: 3.955 Thread 0x0000000020371000 2391   !   4       java.net.URLClassLoader$1::run (63 bytes)
Event: 4.081 Thread 0x000000002037b800 2392       3       akka.actor.LightArrayRevolverScheduler$$anon$3::executeBucket$1 (108 bytes)
Event: 4.082 Thread 0x000000002037b800 nmethod 2392 0x0000000004773c50 code [0x0000000004773e60, 0x0000000004774bd8]
Event: 4.227 Thread 0x000000002036c000 nmethod 2379 0x000000000478d150 code [0x000000000478d520, 0x0000000004794bd0]

GC Heap History (10 events):
Event: 2.226 GC heap before
{Heap before GC invocations=3 (full 1):
 PSYoungGen      total 75776K, used 10732K [0x000000076b580000, 0x0000000770a00000, 0x00000007c0000000)
  eden space 65024K, 0% used [0x000000076b580000,0x000000076b580000,0x000000076f500000)
  from space 10752K, 99% used [0x000000076ff80000,0x00000007709fb3c8,0x0000000770a00000)
  to   space 10752K, 0% used [0x000000076f500000,0x000000076f500000,0x000000076ff80000)
 ParOldGen       total 173568K, used 595K [0x00000006c2000000, 0x00000006cc980000, 0x000000076b580000)
  object space 173568K, 0% used [0x00000006c2000000,0x00000006c2094f38,0x00000006cc980000)
 Metaspace       used 20130K, capacity 21218K, committed 21296K, reserved 1067008K
  class space    used 2714K, capacity 2898K, committed 2944K, reserved 1048576K
Event: 2.255 GC heap after
Heap after GC invocations=3 (full 1):
 PSYoungGen      total 75776K, used 0K [0x000000076b580000, 0x0000000770a00000, 0x00000007c0000000)
  eden space 65024K, 0% used [0x000000076b580000,0x000000076b580000,0x000000076f500000)
  from space 10752K, 0% used [0x000000076ff80000,0x000000076ff80000,0x0000000770a00000)
  to   space 10752K, 0% used [0x000000076f500000,0x000000076f500000,0x000000076ff80000)
 ParOldGen       total 117248K, used 10810K [0x00000006c2000000, 0x00000006c9280000, 0x000000076b580000)
  object space 117248K, 9% used [0x00000006c2000000,0x00000006c2a8e910,0x00000006c9280000)
 Metaspace       used 20130K, capacity 21218K, committed 21296K, reserved 1067008K
  class space    used 2714K, capacity 2898K, committed 2944K, reserved 1048576K
}
Event: 2.687 GC heap before
{Heap before GC invocations=4 (full 1):
 PSYoungGen      total 75776K, used 65024K [0x000000076b580000, 0x0000000770a00000, 0x00000007c0000000)
  eden space 65024K, 100% used [0x000000076b580000,0x000000076f500000,0x000000076f500000)
  from space 10752K, 0% used [0x000000076ff80000,0x000000076ff80000,0x0000000770a00000)
  to   space 10752K, 0% used [0x000000076f500000,0x000000076f500000,0x000000076ff80000)
 ParOldGen       total 117248K, used 10810K [0x00000006c2000000, 0x00000006c9280000, 0x000000076b580000)
  object space 117248K, 9% used [0x00000006c2000000,0x00000006c2a8e910,0x00000006c9280000)
 Metaspace       used 23329K, capacity 24666K, committed 24832K, reserved 1071104K
  class space    used 3233K, capacity 3464K, committed 3584K, reserved 1048576K
Event: 2.691 GC heap after
Heap after GC invocations=4 (full 1):
 PSYoungGen      total 75776K, used 6147K [0x000000076b580000, 0x0000000772280000, 0x00000007c0000000)
  eden space 65024K, 0% used [0x000000076b580000,0x000000076b580000,0x000000076f500000)
  from space 10752K, 57% used [0x000000076f500000,0x000000076fb00fa0,0x000000076ff80000)
  to   space 10752K, 0% used [0x0000000771800000,0x0000000771800000,0x0000000772280000)
 ParOldGen       total 117248K, used 10818K [0x00000006c2000000, 0x00000006c9280000, 0x000000076b580000)
  object space 117248K, 9% used [0x00000006c2000000,0x00000006c2a90910,0x00000006c9280000)
 Metaspace       used 23329K, capacity 24666K, committed 24832K, reserved 1071104K
  class space    used 3233K, capacity 3464K, committed 3584K, reserved 1048576K
}
Event: 3.445 GC heap before
{Heap before GC invocations=5 (full 1):
 PSYoungGen      total 75776K, used 71171K [0x000000076b580000, 0x0000000772280000, 0x00000007c0000000)
  eden space 65024K, 100% used [0x000000076b580000,0x000000076f500000,0x000000076f500000)
  from space 10752K, 57% used [0x000000076f500000,0x000000076fb00fa0,0x000000076ff80000)
  to   space 10752K, 0% used [0x0000000771800000,0x0000000771800000,0x0000000772280000)
 ParOldGen       total 117248K, used 10818K [0x00000006c2000000, 0x00000006c9280000, 0x000000076b580000)
  object space 117248K, 9% used [0x00000006c2000000,0x00000006c2a90910,0x00000006c9280000)
 Metaspace       used 28418K, capacity 30116K, committed 30208K, reserved 1075200K
  class space    used 3999K, capacity 4267K, committed 4352K, reserved 1048576K
Event: 3.451 GC heap after
Heap after GC invocations=5 (full 1):
 PSYoungGen      total 100864K, used 9444K [0x000000076b580000, 0x0000000772300000, 0x00000007c0000000)
  eden space 90112K, 0% used [0x000000076b580000,0x000000076b580000,0x0000000770d80000)
  from space 10752K, 87% used [0x0000000771800000,0x0000000772139280,0x0000000772280000)
  to   space 10752K, 0% used [0x0000000770d80000,0x0000000770d80000,0x0000000771800000)
 ParOldGen       total 117248K, used 10826K [0x00000006c2000000, 0x00000006c9280000, 0x000000076b580000)
  object space 117248K, 9% used [0x00000006c2000000,0x00000006c2a92910,0x00000006c9280000)
 Metaspace       used 28418K, capacity 30116K, committed 30208K, reserved 1075200K
  class space    used 3999K, capacity 4267K, committed 4352K, reserved 1048576K
}
Event: 3.876 GC heap before
{Heap before GC invocations=6 (full 1):
 PSYoungGen      total 100864K, used 63064K [0x000000076b580000, 0x0000000772300000, 0x00000007c0000000)
  eden space 90112K, 59% used [0x000000076b580000,0x000000076e9dcdf8,0x0000000770d80000)
  from space 10752K, 87% used [0x0000000771800000,0x0000000772139280,0x0000000772280000)
  to   space 10752K, 0% used [0x0000000770d80000,0x0000000770d80000,0x0000000771800000)
 ParOldGen       total 117248K, used 10826K [0x00000006c2000000, 0x00000006c9280000, 0x000000076b580000)
  object space 117248K, 9% used [0x00000006c2000000,0x00000006c2a92910,0x00000006c9280000)
 Metaspace       used 33750K, capacity 35406K, committed 35456K, reserved 1079296K
  class space    used 4707K, capacity 4958K, committed 4992K, reserved 1048576K
Event: 3.886 GC heap after
Heap after GC invocations=6 (full 1):
 PSYoungGen      total 100864K, used 10720K [0x000000076b580000, 0x0000000775400000, 0x00000007c0000000)
  eden space 90112K, 0% used [0x000000076b580000,0x000000076b580000,0x0000000770d80000)
  from space 10752K, 99% used [0x0000000770d80000,0x00000007717f8068,0x0000000771800000)
  to   space 14336K, 0% used [0x0000000774600000,0x0000000774600000,0x0000000775400000)
 ParOldGen       total 117248K, used 12565K [0x00000006c2000000, 0x00000006c9280000, 0x000000076b580000)
  object space 117248K, 10% used [0x00000006c2000000,0x00000006c2c456f0,0x00000006c9280000)
 Metaspace       used 33750K, capacity 35406K, committed 35456K, reserved 1079296K
  class space    used 4707K, capacity 4958K, committed 4992K, reserved 1048576K
}
Event: 3.886 GC heap before
{Heap before GC invocations=7 (full 2):
 PSYoungGen      total 100864K, used 10720K [0x000000076b580000, 0x0000000775400000, 0x00000007c0000000)
  eden space 90112K, 0% used [0x000000076b580000,0x000000076b580000,0x0000000770d80000)
  from space 10752K, 99% used [0x0000000770d80000,0x00000007717f8068,0x0000000771800000)
  to   space 14336K, 0% used [0x0000000774600000,0x0000000774600000,0x0000000775400000)
 ParOldGen       total 117248K, used 12565K [0x00000006c2000000, 0x00000006c9280000, 0x000000076b580000)
  object space 117248K, 10% used [0x00000006c2000000,0x00000006c2c456f0,0x00000006c9280000)
 Metaspace       used 33750K, capacity 35406K, committed 35456K, reserved 1079296K
  class space    used 4707K, capacity 4958K, committed 4992K, reserved 1048576K
Event: 3.925 GC heap after
Heap after GC invocations=7 (full 2):
 PSYoungGen      total 100864K, used 0K [0x000000076b580000, 0x0000000775400000, 0x00000007c0000000)
  eden space 90112K, 0% used [0x000000076b580000,0x000000076b580000,0x0000000770d80000)
  from space 10752K, 0% used [0x0000000770d80000,0x0000000770d80000,0x0000000771800000)
  to   space 14336K, 0% used [0x0000000774600000,0x0000000774600000,0x0000000775400000)
 ParOldGen       total 117248K, used 18306K [0x00000006c2000000, 0x00000006c9280000, 0x000000076b580000)
  object space 117248K, 15% used [0x00000006c2000000,0x00000006c31e0a28,0x00000006c9280000)
 Metaspace       used 33745K, capacity 35394K, committed 35456K, reserved 1079296K
  class space    used 4705K, capacity 4956K, committed 4992K, reserved 1048576K
}

Deoptimization events (10 events):
Event: 2.501 Thread 0x0000000003ef7000 Uncommon trap: reason=unstable_if action=reinterpret pc=0x00000000044036e8 method=java.util.HashMap.putVal(ILjava/lang/Object;Ljava/lang/Object;ZZ)Ljava/lang/Object; @ 236
Event: 2.508 Thread 0x0000000003ef7000 Uncommon trap: reason=unstable_if action=reinterpret pc=0x000000000456fdc4 method=java.lang.StringCoding.decode(Ljava/lang/String;[BII)[C @ 38
Event: 2.509 Thread 0x0000000003ef7000 Uncommon trap: reason=unstable_if action=reinterpret pc=0x0000000004569d24 method=java.lang.StringCoding.decode(Ljava/lang/String;[BII)[C @ 38
Event: 2.522 Thread 0x0000000003ef7000 Uncommon trap: reason=unstable_if action=reinterpret pc=0x000000000454e1fc method=java.lang.CharacterDataLatin1.isWhitespace(I)Z @ 14
Event: 2.656 Thread 0x0000000003ef7000 Uncommon trap: reason=unstable_if action=reinterpret pc=0x000000000459b034 method=java.lang.StringCoding.decode(Ljava/lang/String;[BII)[C @ 38
Event: 2.896 Thread 0x0000000003ef7000 Uncommon trap: reason=unstable_if action=reinterpret pc=0x0000000004289788 method=java.util.HashMap.getNode(ILjava/lang/Object;)Ljava/util/HashMap$Node; @ 62
Event: 2.896 Thread 0x0000000003ef7000 Uncommon trap: reason=unstable_if action=reinterpret pc=0x000000000456e5ec method=java.util.HashMap.putVal(ILjava/lang/Object;Ljava/lang/Object;ZZ)Ljava/lang/Object; @ 94
Event: 2.896 Thread 0x0000000003ef7000 Uncommon trap: reason=unstable_if action=reinterpret pc=0x00000000042578c4 method=java.util.HashMap.getNode(ILjava/lang/Object;)Ljava/util/HashMap$Node; @ 62
Event: 2.956 Thread 0x0000000003ef7000 Uncommon trap: reason=unstable_if action=reinterpret pc=0x0000000004392dec method=jdk.internal.org.objectweb.asm.Type.getArgumentsAndReturnSizes(Ljava/lang/String;)I @ 41
Event: 2.974 Thread 0x0000000003ef7000 Uncommon trap: reason=unstable_if action=reinterpret pc=0x00000000042a26d8 method=java.io.WinNTFileSystem.normalize(Ljava/lang/String;)Ljava/lang/String; @ 128

Classes redefined (0 events):
No events

Internal exceptions (10 events):
Event: 2.443 Thread 0x0000000003ef7000 Exception <a 'java/lang/NoSuchMethodError': java.lang.Object.$anonfun$contains$1$adapted(Ljava/lang/Object;Ljava/lang/Object;)Ljava/lang/Object;> (0x000000076c7a3138) thrown at [C:\re\workspace\8-2-build-windows-amd64-cygwin\jdk8u162\10278\hotspot\src\sha
Event: 2.444 Thread 0x0000000003ef7000 Exception <a 'java/lang/NoSuchMethodError': java.lang.Object.$anonfun$removeFromCache$1(Lscala/collection/immutable/Map;Lscala/Tuple2;)Lscala/collection/immutable/Map;> (0x000000076c7b07b0) thrown at [C:\re\workspace\8-2-build-windows-amd64-cygwin\jdk8u16
Event: 2.771 Thread 0x0000000003ef7000 Exception <a 'java/lang/NoSuchMethodError': java.lang.Object.$anonfun$releaseVersion$1$adapted(Ljava/lang/String;)Ljava/lang/Object;> (0x000000076c255ee0) thrown at [C:\re\workspace\8-2-build-windows-amd64-cygwin\jdk8u162\10278\hotspot\src\share\vm\interp
Event: 2.772 Thread 0x0000000003ef7000 Exception <a 'java/lang/NoSuchMethodError': java.lang.Object.$anonfun$releaseVersion$2(Ljava/lang/String;)Ljava/lang/String;> (0x000000076c263138) thrown at [C:\re\workspace\8-2-build-windows-amd64-cygwin\jdk8u162\10278\hotspot\src\share\vm\interpreter\li
Event: 2.773 Thread 0x0000000003ef7000 Exception <a 'java/lang/NoSuchMethodError': java.lang.Object.$anonfun$developmentVersion$1$adapted(Ljava/lang/String;)Ljava/lang/Object;> (0x000000076c267650) thrown at [C:\re\workspace\8-2-build-windows-amd64-cygwin\jdk8u162\10278\hotspot\src\share\vm\in
Event: 2.773 Thread 0x0000000003ef7000 Exception <a 'java/lang/NoSuchMethodError': java.lang.Object.$anonfun$developmentVersion$2(Lscala/util/PropertiesTrait;Ljava/lang/String;)Lscala/Option;> (0x000000076c26b7a0) thrown at [C:\re\workspace\8-2-build-windows-amd64-cygwin\jdk8u162\10278\hotspot
Event: 2.775 Thread 0x0000000003ef7000 Exception <a 'java/lang/NoSuchMethodError': java.lang.Object.$anonfun$$plus$plus$1(Lscala/collection/immutable/Map;Lscala/Tuple2;)Lscala/collection/immutable/Map;> (0x000000076c28a7e0) thrown at [C:\re\workspace\8-2-build-windows-amd64-cygwin\jdk8u162\102
Event: 2.800 Thread 0x0000000003ef7000 Exception <a 'java/lang/NoSuchMethodError': java.lang.Object.$anonfun$indexWhere$1$adapted(Lscala/Function1;Ljava/lang/Object;)Ljava/lang/Object;> (0x000000076c4c3118) thrown at [C:\re\workspace\8-2-build-windows-amd64-cygwin\jdk8u162\10278\hotspot\src\sh
Event: 3.310 Thread 0x0000000003ef7000 Exception <a 'java/lang/NoSuchMethodError': java.lang.Object.lambda$static$0(Ljava/lang/String;)Ljava/util/Set;> (0x000000076e8483e0) thrown at [C:\re\workspace\8-2-build-windows-amd64-cygwin\jdk8u162\10278\hotspot\src\share\vm\interpreter\linkResolver.cp
Event: 3.474 Thread 0x0000000003ef7000 Exception <a 'sun/nio/fs/WindowsException'> (0x000000076b7ba5c8) thrown at [C:\re\workspace\8-2-build-windows-amd64-cygwin\jdk8u162\10278\hotspot\src\share\vm\prims\jni.cpp, line 709]

Events (10 events):
Event: 3.973 loading class javax/security/cert/X509Certificate
Event: 3.973 loading class javax/security/cert/Certificate
Event: 3.973 loading class javax/security/cert/Certificate done
Event: 3.973 loading class javax/security/cert/X509Certificate done
Event: 3.974 loading class org/apache/flink/shaded/netty4/io/netty/util/internal/MacAddressUtil
Event: 3.974 loading class org/apache/flink/shaded/netty4/io/netty/util/internal/MacAddressUtil done
Event: 3.975 loading class org/apache/flink/shaded/netty4/io/netty/util/NetUtil
Event: 3.975 loading class org/apache/flink/shaded/netty4/io/netty/util/NetUtil done
Event: 3.976 loading class java/net/UnknownHostException
Event: 3.976 loading class java/net/UnknownHostException done


Dynamic libraries:
0x00007ff6b4c70000 - 0x00007ff6b4ca7000 	E:\software\JAVA1_8\bin\java.exe
0x00007ffe08960000 - 0x00007ffe08b50000 	C:\windows\SYSTEM32\ntdll.dll
0x00007ffe07ff0000 - 0x00007ffe080a2000 	C:\windows\System32\KERNEL32.DLL
0x00007ffe06760000 - 0x00007ffe06a05000 	C:\windows\System32\KERNELBASE.dll
0x00007ffe07af0000 - 0x00007ffe07b93000 	C:\windows\System32\ADVAPI32.dll
0x00007ffe07d50000 - 0x00007ffe07dee000 	C:\windows\System32\msvcrt.dll
0x00007ffe08260000 - 0x00007ffe082f7000 	C:\windows\System32\sechost.dll
0x00007ffe07c00000 - 0x00007ffe07d20000 	C:\windows\System32\RPCRT4.dll
0x00007ffe07df0000 - 0x00007ffe07f84000 	C:\windows\System32\USER32.dll
0x00007ffe05cd0000 - 0x00007ffe05cf1000 	C:\windows\System32\win32u.dll
0x00007ffe07300000 - 0x00007ffe07326000 	C:\windows\System32\GDI32.dll
0x00007ffe05a80000 - 0x00007ffe05c16000 	C:\windows\System32\gdi32full.dll
0x00007ffe05e10000 - 0x00007ffe05eae000 	C:\windows\System32\msvcp_win.dll
0x00007ffe06660000 - 0x00007ffe0675a000 	C:\windows\System32\ucrtbase.dll
0x00007ffdef960000 - 0x00007ffdefbe4000 	C:\windows\WinSxS\amd64_microsoft.windows.common-controls_6595b64144ccf1df_6.0.18362.1256_none_9e7e379be45e40e2\COMCTL32.dll
0x00007ffe06aa0000 - 0x00007ffe06dd6000 	C:\windows\System32\combase.dll
0x00007ffe05d50000 - 0x00007ffe05dd1000 	C:\windows\System32\bcryptPrimitives.dll
0x00007ffe088f0000 - 0x00007ffe0891e000 	C:\windows\System32\IMM32.DLL
0x00007ffdf0070000 - 0x00007ffdf011e000 	C:\windows\system32\tmumh\20019\AddOn\7.0.0.1182\TmUmEvt64.dll
0x00007ffe06a90000 - 0x00007ffe06a98000 	C:\windows\System32\PSAPI.DLL
0x00007ffe07f90000 - 0x00007ffe07fe2000 	C:\windows\System32\shlwapi.dll
0x0000000071920000 - 0x0000000071a3b000 	C:\windows\system32\tmumh\20019\TmMon\2.5.0.2107\tmmon64.dll
0x0000000068000000 - 0x0000000068072000 	C:\windows\System32\QIPCAP64.dll
0x00007ffe07330000 - 0x00007ffe07a17000 	C:\windows\System32\SHELL32.dll
0x00007ffe05d00000 - 0x00007ffe05d4a000 	C:\windows\System32\cfgmgr32.dll
0x00007ffe07250000 - 0x00007ffe072f9000 	C:\windows\System32\shcore.dll
0x00007ffe05eb0000 - 0x00007ffe06631000 	C:\windows\System32\windows.storage.dll
0x00007ffe058a0000 - 0x00007ffe058c3000 	C:\windows\System32\profapi.dll
0x00007ffe05850000 - 0x00007ffe0589a000 	C:\windows\System32\powrprof.dll
0x00007ffe05800000 - 0x00007ffe05810000 	C:\windows\System32\UMPDC.dll
0x00007ffe05830000 - 0x00007ffe05841000 	C:\windows\System32\kernel.appcore.dll
0x00007ffe06640000 - 0x00007ffe06657000 	C:\windows\System32\cryptsp.dll
0x00007ffe04da0000 - 0x00007ffe04e6b000 	C:\windows\SYSTEM32\DNSAPI.dll
0x00007ffe08460000 - 0x00007ffe084cf000 	C:\windows\System32\WS2_32.dll
0x00007ffe08300000 - 0x00007ffe08308000 	C:\windows\System32\NSI.dll
0x00007ffe04d60000 - 0x00007ffe04d9a000 	C:\windows\SYSTEM32\IPHLPAPI.DLL
0x000000006d0f0000 - 0x000000006d1c1000 	E:\software\JAVA1_8\jre\bin\msvcr100.dll
0x000000006c850000 - 0x000000006d0f0000 	E:\software\JAVA1_8\jre\bin\server\jvm.dll
0x00007ffdec8e0000 - 0x00007ffdec8e9000 	C:\windows\SYSTEM32\WSOCK32.dll
0x00007ffe025e0000 - 0x00007ffe02604000 	C:\windows\SYSTEM32\WINMM.dll
0x00007ffdfd4f0000 - 0x00007ffdfd4fa000 	C:\windows\SYSTEM32\VERSION.dll
0x00007ffe025b0000 - 0x00007ffe025dd000 	C:\windows\SYSTEM32\WINMMBASE.dll
0x000000006d880000 - 0x000000006d88f000 	E:\software\JAVA1_8\jre\bin\verify.dll
0x000000006d850000 - 0x000000006d879000 	E:\software\JAVA1_8\jre\bin\java.dll
0x000000006d7d0000 - 0x000000006d7f3000 	E:\software\JAVA1_8\jre\bin\instrument.dll
0x000000006d830000 - 0x000000006d846000 	E:\software\JAVA1_8\jre\bin\zip.dll
0x00007ffe02dd0000 - 0x00007ffe02dea000 	E:\software\ideaIU-2020.1.3.win\bin\breakgen64.dll
0x000000006d800000 - 0x000000006d81a000 	E:\software\JAVA1_8\jre\bin\net.dll
0x00007ffe05050000 - 0x00007ffe050b7000 	C:\windows\system32\mswsock.dll
0x000000006d820000 - 0x000000006d82d000 	E:\software\JAVA1_8\jre\bin\management.dll
0x000000006c800000 - 0x000000006c811000 	E:\software\JAVA1_8\jre\bin\nio.dll
0x00007ffe04bc0000 - 0x00007ffe04bf3000 	C:\windows\system32\rsaenh.dll
0x0000000003eb0000 - 0x0000000003ed6000 	C:\windows\System32\bcrypt.dll
0x00007ffe056e0000 - 0x00007ffe05705000 	C:\windows\SYSTEM32\USERENV.dll
0x00007ffe05220000 - 0x00007ffe0522c000 	C:\windows\SYSTEM32\CRYPTBASE.dll
0x00007ffdff800000 - 0x00007ffdff816000 	C:\windows\SYSTEM32\dhcpcsvc6.DLL
0x00007ffdff2f0000 - 0x00007ffdff30c000 	C:\windows\SYSTEM32\dhcpcsvc.DLL
0x00007ffdf0170000 - 0x00007ffdf019d000 	C:\Program Files (x86)\Sangfor\SSL\ClientComponent\SangforNspX64.dll
0x00007ffe08610000 - 0x00007ffe08767000 	C:\windows\System32\ole32.dll
0x00007ffe07a20000 - 0x00007ffe07ae5000 	C:\windows\System32\OLEAUT32.dll
0x00007ffddc540000 - 0x00007ffddc556000 	C:\windows\system32\napinsp.dll
0x00007ffddc520000 - 0x00007ffddc53a000 	C:\windows\system32\pnrpnsp.dll
0x00007ffde87b0000 - 0x00007ffde87be000 	C:\windows\System32\winrnr.dll
0x00007ffe02a20000 - 0x00007ffe02a3c000 	C:\windows\system32\NLAapi.dll
0x00007ffe01990000 - 0x00007ffe019a5000 	C:\windows\system32\wshbth.dll
0x00007ffddc8b0000 - 0x00007ffddca2a000 	C:\Program Files (x86)\Sangfor\SSL\ClientComponent\SangforTcpX64.dll
0x00007ffe05a20000 - 0x00007ffe05a7c000 	C:\windows\System32\WINTRUST.dll
0x00007ffe05810000 - 0x00007ffe05822000 	C:\windows\System32\MSASN1.dll
0x00007ffe058d0000 - 0x00007ffe05a19000 	C:\windows\System32\CRYPT32.dll
0x00007ffdfe140000 - 0x00007ffdfe14a000 	C:\Windows\System32\rasadhlp.dll
0x00007ffe00160000 - 0x00007ffe001d7000 	C:\windows\System32\fwpuclnt.dll

VM Arguments:
jvm_args: -javaagent:E:\software\ideaIU-2020.1.3.win\lib\idea_rt.jar=61154:E:\software\ideaIU-2020.1.3.win\bin -Dfile.encoding=UTF-8 
java_command: com.lh.app.dwm.UserJumpDetailApp
java_class_path (initial): E:\software\JAVA1_8\jre\lib\charsets.jar;E:\software\JAVA1_8\jre\lib\deploy.jar;E:\software\JAVA1_8\jre\lib\ext\access-bridge-64.jar;E:\software\JAVA1_8\jre\lib\ext\bcprov-jdk15on-1.66.jar;E:\software\JAVA1_8\jre\lib\ext\cldrdata.jar;E:\software\JAVA1_8\jre\lib\ext\dnsns.jar;E:\software\JAVA1_8\jre\lib\ext\hutool-all-5.4.1.jar;E:\software\JAVA1_8\jre\lib\ext\jaccess.jar;E:\software\JAVA1_8\jre\lib\ext\jfxrt.jar;E:\software\JAVA1_8\jre\lib\ext\localedata.jar;E:\software\JAVA1_8\jre\lib\ext\nashorn.jar;E:\software\JAVA1_8\jre\lib\ext\sunec.jar;E:\software\JAVA1_8\jre\lib\ext\sunjce_provider.jar;E:\software\JAVA1_8\jre\lib\ext\sunmscapi.jar;E:\software\JAVA1_8\jre\lib\ext\sunpkcs11.jar;E:\software\JAVA1_8\jre\lib\ext\zipfs.jar;E:\software\JAVA1_8\jre\lib\javaws.jar;E:\software\JAVA1_8\jre\lib\jce.jar;E:\software\JAVA1_8\jre\lib\jfr.jar;E:\software\JAVA1_8\jre\lib\jfxswt.jar;E:\software\JAVA1_8\jre\lib\jsse.jar;E:\software\JAVA1_8\jre\lib\management-agent.jar;E:\software\JAVA1_8\jre\lib\plugin.jar;E:\software\JAVA1_8\jre\lib\resources.jar;E:\software\JAVA1_8\jre\lib\rt.jar;D:\workLv\learn\proj\hadoop-code\gmall\realtime\target\classes;E:\repository\org\slf4j\slf4j-log4j12\1.7.5\slf4j-log4j12-1.7.5.jar;E:\repository\org\slf4j\slf4j-api\1.7.25\slf4j-api-1.7.25.jar;E:\repository\log4j\log4j\1.2.17\log4j-1.2.17.jar;E:\repository\org\apache\flink\flink-cep_2.12\1.12.0\flink-cep_2.12-1.12.0.jar;E:\repository\org\apache\flink\flink-shaded-guava\18.0-12.0\flink-shaded-guava-18.0-12.0.jar;E:\repository\org\apache\flink\force-shading\1.12.0\force-shading-1.12.0.jar;E:\repository\org\apache\flink\flink-connector-jdbc_2.12\1.12.0\flink-connector-jdbc_2.12-1.12.0.jar;E:\repository\org\apache\phoenix\jdbc\PhoenixDriver\5.0.0\PhoenixDriver-5.0.0.jar;E:\repository\mysql\mysql-connector-java\5.1.49\mysql-connector-java-5.1.49.jar;E:\repository\org\apache\flink\flink-clients_2.12\1.12.0\flink-clients_2.12-1.12.0.jar;E:\repository\org\apache\flink\flink-core\1
Launcher Type: SUN_STANDARD

Environment Variables:
JAVA_HOME=E:\software\JAVA1_8
CLASSPATH=.;E:\software\JAVA1_8\lib\dt.jar;E:\software\JAVA1_8\lib\tools.jar;
PATH=C:\windows\system32;C:\windows;C:\windows\System32\Wbem;C:\windows\System32\WindowsPowerShell\v1.0\;C:\windows\System32\OpenSSH\;C:\Program Files (x86)\Intel\Intel(R) Management Engine Components\DAL;C:\Program Files\Intel\Intel(R) Management Engine Components\DAL;C:\Program Files\TortoiseSVN\bin;E:\software\go\bin;E:\software\ana;E:\software\ana\Scripts;E:\software\JAVA1_8\bin;E:\software\JAVA1_8\jre\bin;E:\software\nodeJs\;E:\Package\apache-maven-3.6.0\bin;D:\workLv\learn\bigData\soft\hadoop-3.1.0\bin;C:\Program Files (x86)\Microsoft SQL Server\150\DTS\Binn\;D:\workLv\learn\bigData\soft\scala-2.12.11\bin;D:\workLv\learn\bigData\soft\scala-2.12.11\bin;E:\software\netcat;C:\Users\lvhao-004\AppData\Local\Microsoft\WindowsApps;C:\Users\lvhao-004\go\bin;E:\software\Git\cmd;E:\software\Microsoft VS Code\bin;C:\Users\lvhao-004\AppData\Roaming\npm;E:\Package\apache-maven-3.6.3\bin;E:\software\ana\pkgs\graphviz-2.38-hfd603c8_2\Library\bin\graphviz;
USERNAME=lvhao-004
OS=Windows_NT
PROCESSOR_IDENTIFIER=Intel64 Family 6 Model 142 Stepping 12, GenuineIntel



---------------  S Y S T E M  ---------------

OS: Windows 10.0 , 64 bit Build 18362 (10.0.18362.1110)

CPU:total 8 (initial active 8) (4 cores per cpu, 2 threads per core) family 6 model 142 stepping 12, cmov, cx8, fxsr, mmx, sse, sse2, sse3, ssse3, sse4.1, sse4.2, popcnt, avx, avx2, aes, clmul, erms, 3dnowpref, lzcnt, ht, tsc, tscinvbit, bmi1, bmi2, adx

Memory: 4k page, physical 16644896k(3254220k free), swap 32244936k(9372k free)

vm_info: Java HotSpot(TM) 64-Bit Server VM (25.162-b12) for windows-amd64 JRE (1.8.0_162-b12), built on Dec 19 2017 20:00:03 by "java_re" with MS VC++ 10.0 (VS2010)

time: Wed Nov 02 10:50:42 2022
elapsed time: 4 seconds (0d 0h 0m 4s)

